<?xml version="1.0" encoding="UTF-8"?>
<testsuite xmlns:xsi="http://www.w3.org/2001/XMLSchema-instance" xsi:noNamespaceSchemaLocation="https://maven.apache.org/surefire/maven-surefire-plugin/xsd/surefire-test-report-3.0.xsd" version="3.0" name="com.example.AppTest" time="0.077" tests="1" errors="0" skipped="0" failures="0">
  <properties>
    <property name="java.specification.version" value="18"/>
    <property name="sun.jnu.encoding" value="UTF-8"/>
    <property name="java.class.path" value="/home/ahmad/Documents/VT/taintanalysis/mytaintanalysis/bytecode-instrumentation/target/test-classes:/home/ahmad/Documents/VT/taintanalysis/mytaintanalysis/bytecode-instrumentation/target/classes:/home/ahmad/.m2/repository/junit/junit/3.8.1/junit-3.8.1.jar:/home/ahmad/.m2/repository/org/ow2/asm/asm/9.1/asm-9.1.jar:/home/ahmad/.m2/repository/org/ow2/asm/asm-util/9.1/asm-util-9.1.jar:/home/ahmad/.m2/repository/org/ow2/asm/asm-tree/9.1/asm-tree-9.1.jar:/home/ahmad/.m2/repository/org/ow2/asm/asm-analysis/9.1/asm-analysis-9.1.jar:"/>
    <property name="java.vm.vendor" value="Oracle Corporation"/>
    <property name="sun.arch.data.model" value="64"/>
    <property name="java.vendor.url" value="https://java.oracle.com/"/>
    <property name="os.name" value="Linux"/>
    <property name="java.vm.specification.version" value="18"/>
    <property name="sun.java.launcher" value="SUN_STANDARD"/>
    <property name="user.country" value="US"/>
    <property name="sun.boot.library.path" value="/home/ahmad/.jdks/openjdk-18.0.1.1/lib"/>
    <property name="sun.java.command" value="/home/ahmad/Documents/VT/taintanalysis/mytaintanalysis/bytecode-instrumentation/target/surefire/surefirebooter-20230710084416307_3.jar /home/ahmad/Documents/VT/taintanalysis/mytaintanalysis/bytecode-instrumentation/target/surefire 2023-07-10T08-44-16_103-jvmRun1 surefire-20230710084416307_1tmp surefire_0-20230710084416307_2tmp"/>
    <property name="jdk.debug" value="release"/>
    <property name="surefire.test.class.path" value="/home/ahmad/Documents/VT/taintanalysis/mytaintanalysis/bytecode-instrumentation/target/test-classes:/home/ahmad/Documents/VT/taintanalysis/mytaintanalysis/bytecode-instrumentation/target/classes:/home/ahmad/.m2/repository/junit/junit/3.8.1/junit-3.8.1.jar:/home/ahmad/.m2/repository/org/ow2/asm/asm/9.1/asm-9.1.jar:/home/ahmad/.m2/repository/org/ow2/asm/asm-util/9.1/asm-util-9.1.jar:/home/ahmad/.m2/repository/org/ow2/asm/asm-tree/9.1/asm-tree-9.1.jar:/home/ahmad/.m2/repository/org/ow2/asm/asm-analysis/9.1/asm-analysis-9.1.jar:"/>
    <property name="sun.cpu.endian" value="little"/>
    <property name="user.home" value="/home/ahmad"/>
    <property name="user.language" value="en"/>
    <property name="java.specification.vendor" value="Oracle Corporation"/>
    <property name="java.version.date" value="2022-04-22"/>
    <property name="java.home" value="/home/ahmad/.jdks/openjdk-18.0.1.1"/>
    <property name="file.separator" value="/"/>
    <property name="basedir" value="/home/ahmad/Documents/VT/taintanalysis/mytaintanalysis/bytecode-instrumentation"/>
    <property name="java.vm.compressedOopsMode" value="Zero based"/>
    <property name="line.separator" value="&#10;"/>
    <property name="java.vm.specification.vendor" value="Oracle Corporation"/>
    <property name="java.specification.name" value="Java Platform API Specification"/>
    <property name="surefire.real.class.path" value="/home/ahmad/Documents/VT/taintanalysis/mytaintanalysis/bytecode-instrumentation/target/surefire/surefirebooter-20230710084416307_3.jar"/>
    <property name="sun.management.compiler" value="HotSpot 64-Bit Tiered Compilers"/>
    <property name="java.runtime.version" value="18.0.1.1+2-6"/>
    <property name="user.name" value="ahmad"/>
    <property name="path.separator" value=":"/>
    <property name="os.version" value="5.15.0-76-generic"/>
    <property name="java.runtime.name" value="OpenJDK Runtime Environment"/>
    <property name="file.encoding" value="UTF-8"/>
    <property name="java.vm.name" value="OpenJDK 64-Bit Server VM"/>
    <property name="localRepository" value="/home/ahmad/.m2/repository"/>
    <property name="java.vendor.url.bug" value="https://bugreport.java.com/bugreport/"/>
    <property name="java.io.tmpdir" value="/tmp"/>
    <property name="idea.version" value="2023.2"/>
    <property name="java.version" value="18.0.1.1"/>
    <property name="user.dir" value="/home/ahmad/Documents/VT/taintanalysis/mytaintanalysis/bytecode-instrumentation"/>
    <property name="os.arch" value="amd64"/>
    <property name="java.vm.specification.name" value="Java Virtual Machine Specification"/>
    <property name="native.encoding" value="UTF-8"/>
    <property name="java.library.path" value="/usr/java/packages/lib:/usr/lib64:/lib64:/lib:/usr/lib"/>
    <property name="java.vm.info" value="mixed mode, sharing"/>
    <property name="java.vendor" value="Oracle Corporation"/>
    <property name="java.vm.version" value="18.0.1.1+2-6"/>
    <property name="sun.io.unicode.encoding" value="UnicodeLittle"/>
    <property name="java.class.version" value="62.0"/>
  </properties>
  <testcase name="testApp" classname="com.example.AppTest" time="0.012"/>
</testsuite>